# JRE version: OpenJDK Runtime Environment (8.0_171-b11) (build 1.8.0_171-8u171-b11-0ubuntu0.17.10.1-b11)
# Java VM: OpenJDK 64-Bit Server VM (25.171-b11 mixed mode linux-amd64 compressed oops)
Heap:
 PSYoungGen      total 1009152K, used 3552K [0x000000076d000000, 0x00000007ac300000, 0x00000007c0000000)
  eden space 1005568K, 0% used [0x000000076d000000,0x000000076d000000,0x00000007aa600000)
  from space 3584K, 99% used [0x00000007abf80000,0x00000007ac2f8020,0x00000007ac300000)
  to   space 7168K, 0% used [0x00000007ab880000,0x00000007ab880000,0x00000007abf80000)
 ParOldGen       total 103936K, used 18429K [0x00000006c7000000, 0x00000006cd580000, 0x000000076d000000)
  object space 103936K, 17% used [0x00000006c7000000,0x00000006c81ff6d0,0x00000006cd580000)
 Metaspace       used 32648K, capacity 33078K, committed 33408K, reserved 1079296K
  class space    used 4003K, capacity 4113K, committed 4224K, reserved 1048576K
GC Heap History (10 events):
Event: 6.017 GC heap after
Heap after GC invocations=6 (full 0):
 PSYoungGen      total 518656K, used 5119K [0x000000076d000000, 0x000000078d700000, 0x00000007c0000000)
  eden space 513536K, 0% used [0x000000076d000000,0x000000076d000000,0x000000078c580000)
  from space 5120K, 99% used [0x000000078cd00000,0x000000078d1ffc58,0x000000078d200000)
  to   space 7680K, 0% used [0x000000078c580000,0x000000078c580000,0x000000078cd00000)
 ParOldGen       total 171008K, used 2538K [0x00000006c7000000, 0x00000006d1700000, 0x000000076d000000)
  object space 171008K, 1% used [0x00000006c7000000,0x00000006c727aac0,0x00000006d1700000)
 Metaspace       used 16149K, capacity 16380K, committed 16640K, reserved 1064960K
  class space    used 1919K, capacity 1980K, committed 2048K, reserved 1048576K
}
Event: 7.996 GC heap before
{Heap before GC invocations=7 (full 0):
 PSYoungGen      total 518656K, used 312097K [0x000000076d000000, 0x000000078d700000, 0x00000007c0000000)
  eden space 513536K, 59% used [0x000000076d000000,0x000000077fbc87c8,0x000000078c580000)
  from space 5120K, 99% used [0x000000078cd00000,0x000000078d1ffc58,0x000000078d200000)
  to   space 7680K, 0% used [0x000000078c580000,0x000000078c580000,0x000000078cd00000)
 ParOldGen       total 171008K, used 2538K [0x00000006c7000000, 0x00000006d1700000, 0x000000076d000000)
  object space 171008K, 1% used [0x00000006c7000000,0x00000006c727aac0,0x00000006d1700000)
 Metaspace       used 21012K, capacity 21228K, committed 21296K, reserved 1069056K
  class space    used 2477K, capacity 2550K, committed 2560K, reserved 1048576K
Event: 8.018 GC heap after
Heap after GC invocations=7 (full 0):
 PSYoungGen      total 521216K, used 5536K [0x000000076d000000, 0x00000007aca00000, 0x00000007c0000000)
  eden space 513536K, 0% used [0x000000076d000000,0x000000076d000000,0x000000078c580000)
  from space 7680K, 72% used [0x000000078c580000,0x000000078cae8360,0x000000078cd00000)
  to   space 7680K, 0% used [0x00000007ac280000,0x00000007ac280000,0x00000007aca00000)
 ParOldGen       total 171008K, used 4411K [0x00000006c7000000, 0x00000006d1700000, 0x000000076d000000)
  object space 171008K, 2% used [0x00000006c7000000,0x00000006c744ef78,0x00000006d1700000)
 Metaspace       used 21012K, capacity 21228K, committed 21296K, reserved 1069056K
  class space    used 2477K, capacity 2550K, committed 2560K, reserved 1048576K
}
Event: 8.018 GC heap before
{Heap before GC invocations=8 (full 1):
 PSYoungGen      total 521216K, used 5536K [0x000000076d000000, 0x00000007aca00000, 0x00000007c0000000)
  eden space 513536K, 0% used [0x000000076d000000,0x000000076d000000,0x000000078c580000)
  from space 7680K, 72% used [0x000000078c580000,0x000000078cae8360,0x000000078cd00000)
  to   space 7680K, 0% used [0x00000007ac280000,0x00000007ac280000,0x00000007aca00000)
 ParOldGen       total 171008K, used 4411K [0x00000006c7000000, 0x00000006d1700000, 0x000000076d000000)
  object space 171008K, 2% used [0x00000006c7000000,0x00000006c744ef78,0x00000006d1700000)
 Metaspace       used 21012K, capacity 21228K, committed 21296K, reserved 1069056K
  class space    used 2477K, capacity 2550K, committed 2560K, reserved 1048576K
Event: 8.105 GC heap after
Heap after GC invocations=8 (full 1):
 PSYoungGen      total 521216K, used 0K [0x000000076d000000, 0x00000007aca00000, 0x00000007c0000000)
  eden space 513536K, 0% used [0x000000076d000000,0x000000076d000000,0x000000078c580000)
  from space 7680K, 0% used [0x000000078c580000,0x000000078c580000,0x000000078cd00000)
  to   space 7680K, 0% used [0x00000007ac280000,0x00000007ac280000,0x00000007aca00000)
 ParOldGen       total 103936K, used 7131K [0x00000006c7000000, 0x00000006cd580000, 0x000000076d000000)
  object space 103936K, 6% used [0x00000006c7000000,0x00000006c76f6f18,0x00000006cd580000)
 Metaspace       used 21012K, capacity 21228K, committed 21296K, reserved 1069056K
  class space    used 2477K, capacity 2550K, committed 2560K, reserved 1048576K
}
Event: 10.908 GC heap before
{Heap before GC invocations=9 (full 1):
 PSYoungGen      total 521216K, used 513536K [0x000000076d000000, 0x00000007aca00000, 0x00000007c0000000)
  eden space 513536K, 100% used [0x000000076d000000,0x000000078c580000,0x000000078c580000)
  from space 7680K, 0% used [0x000000078c580000,0x000000078c580000,0x000000078cd00000)
  to   space 7680K, 0% used [0x00000007ac280000,0x00000007ac280000,0x00000007aca00000)
 ParOldGen       total 103936K, used 7131K [0x00000006c7000000, 0x00000006cd580000, 0x000000076d000000)
  object space 103936K, 6% used [0x00000006c7000000,0x00000006c76f6f18,0x00000006cd580000)
 Metaspace       used 24365K, capacity 24722K, committed 24832K, reserved 1071104K
  class space    used 2928K, capacity 3051K, committed 3072K, reserved 1048576K
Event: 10.932 GC heap after
Heap after GC invocations=9 (full 1):
 PSYoungGen      total 784896K, used 4879K [0x000000076d000000, 0x00000007ac780000, 0x00000007c0000000)
  eden space 779776K, 0% used [0x000000076d000000,0x000000076d000000,0x000000079c980000)
  from space 5120K, 95% used [0x00000007ac280000,0x00000007ac743df8,0x00000007ac780000)
  to   space 7680K, 0% used [0x00000007ab880000,0x00000007ab880000,0x00000007ac000000)
 ParOldGen       total 103936K, used 7139K [0x00000006c7000000, 0x00000006cd580000, 0x000000076d000000)
  object space 103936K, 6% used [0x00000006c7000000,0x00000006c76f8f18,0x00000006cd580000)
 Metaspace       used 24365K, capacity 24722K, committed 24832K, reserved 1071104K
  class space    used 2928K, capacity 3051K, committed 3072K, reserved 1048576K
}
Event: 14.737 GC heap before
{Heap before GC invocations=10 (full 1):
 PSYoungGen      total 784896K, used 784655K [0x000000076d000000, 0x00000007ac780000, 0x00000007c0000000)
  eden space 779776K, 100% used [0x000000076d000000,0x000000079c980000,0x000000079c980000)
  from space 5120K, 95% used [0x00000007ac280000,0x00000007ac743df8,0x00000007ac780000)
  to   space 7680K, 0% used [0x00000007ab880000,0x00000007ab880000,0x00000007ac000000)
 ParOldGen       total 103936K, used 7139K [0x00000006c7000000, 0x00000006cd580000, 0x000000076d000000)
  object space 103936K, 6% used [0x00000006c7000000,0x00000006c76f8f18,0x00000006cd580000)
 Metaspace       used 25636K, capacity 25992K, committed 26240K, reserved 1073152K
  class space    used 3096K, capacity 3188K, committed 3200K, reserved 1048576K
Event: 14.758 GC heap after
Heap after GC invocations=10 (full 1):
 PSYoungGen      total 1012736K, used 6833K [0x000000076d000000, 0x00000007ac300000, 0x00000007c0000000)
  eden space 1005568K, 0% used [0x000000076d000000,0x000000076d000000,0x00000007aa600000)
  from space 7168K, 95% used [0x00000007ab880000,0x00000007abf2c788,0x00000007abf80000)
  to   space 3584K, 0% used [0x00000007abf80000,0x00000007abf80000,0x00000007ac300000)
 ParOldGen       total 103936K, used 7139K [0x00000006c7000000, 0x00000006cd580000, 0x000000076d000000)
  object space 103936K, 6% used [0x00000006c7000000,0x00000006c76f8f18,0x00000006cd580000)
 Metaspace       used 25636K, capacity 25992K, committed 26240K, reserved 1073152K
  class space    used 3096K, capacity 3188K, committed 3200K, reserved 1048576K
}
Event: 60.964 GC heap before
{Heap before GC invocations=11 (full 1):
 PSYoungGen      total 1012736K, used 1012401K [0x000000076d000000, 0x00000007ac300000, 0x00000007c0000000)
  eden space 1005568K, 100% used [0x000000076d000000,0x00000007aa600000,0x00000007aa600000)
  from space 7168K, 95% used [0x00000007ab880000,0x00000007abf2c788,0x00000007abf80000)
  to   space 3584K, 0% used [0x00000007abf80000,0x00000007abf80000,0x00000007ac300000)
 ParOldGen       total 103936K, used 7139K [0x00000006c7000000, 0x00000006cd580000, 0x000000076d000000)
  object space 103936K, 6% used [0x00000006c7000000,0x00000006c76f8f18,0x00000006cd580000)
 Metaspace       used 32648K, capacity 33078K, committed 33408K, reserved 1079296K
  class space    used 4003K, capacity 4113K, committed 4224K, reserved 1048576K

