# JRE version: OpenJDK Runtime Environment (8.0_171-b11) (build 1.8.0_171-8u171-b11-0ubuntu0.17.10.1-b11)
# Java VM: OpenJDK 64-Bit Server VM (25.171-b11 mixed mode linux-amd64 compressed oops)
Heap:
 PSYoungGen      total 1033728K, used 8180K [0x000000076d000000, 0x00000007aca00000, 0x00000007c0000000)
  eden space 1025536K, 0% used [0x000000076d000000,0x000000076d000000,0x00000007ab980000)
  from space 8192K, 99% used [0x00000007ac200000,0x00000007ac9fd040,0x00000007aca00000)
  to   space 7680K, 0% used [0x00000007ab980000,0x00000007ab980000,0x00000007ac100000)
 ParOldGen       total 102400K, used 13478K [0x00000006c7000000, 0x00000006cd400000, 0x000000076d000000)
  object space 102400K, 13% used [0x00000006c7000000,0x00000006c7d29a98,0x00000006cd400000)
 Metaspace       used 32359K, capacity 32790K, committed 33024K, reserved 1079296K
  class space    used 3968K, capacity 4081K, committed 4096K, reserved 1048576K
GC Heap History (10 events):
Event: 6.247 GC heap after
Heap after GC invocations=6 (full 0):
 PSYoungGen      total 519680K, used 5621K [0x000000076d000000, 0x000000078d700000, 0x00000007c0000000)
  eden space 514048K, 0% used [0x000000076d000000,0x000000076d000000,0x000000078c600000)
  from space 5632K, 99% used [0x000000078cd80000,0x000000078d2fd580,0x000000078d300000)
  to   space 7680K, 0% used [0x000000078c600000,0x000000078c600000,0x000000078cd80000)
 ParOldGen       total 171008K, used 2113K [0x00000006c7000000, 0x00000006d1700000, 0x000000076d000000)
  object space 171008K, 1% used [0x00000006c7000000,0x00000006c72105d8,0x00000006d1700000)
 Metaspace       used 17187K, capacity 17404K, committed 17536K, reserved 1064960K
  class space    used 2039K, capacity 2108K, committed 2176K, reserved 1048576K
}
Event: 7.870 GC heap before
{Heap before GC invocations=7 (full 0):
 PSYoungGen      total 519680K, used 307660K [0x000000076d000000, 0x000000078d700000, 0x00000007c0000000)
  eden space 514048K, 58% used [0x000000076d000000,0x000000077f6f5d70,0x000000078c600000)
  from space 5632K, 99% used [0x000000078cd80000,0x000000078d2fd580,0x000000078d300000)
  to   space 7680K, 0% used [0x000000078c600000,0x000000078c600000,0x000000078cd80000)
 ParOldGen       total 171008K, used 2113K [0x00000006c7000000, 0x00000006d1700000, 0x000000076d000000)
  object space 171008K, 1% used [0x00000006c7000000,0x00000006c72105d8,0x00000006d1700000)
 Metaspace       used 21053K, capacity 21232K, committed 21296K, reserved 1069056K
  class space    used 2490K, capacity 2536K, committed 2560K, reserved 1048576K
Event: 7.908 GC heap after
Heap after GC invocations=7 (full 0):
 PSYoungGen      total 521728K, used 5439K [0x000000076d000000, 0x00000007acb00000, 0x00000007c0000000)
  eden space 514048K, 0% used [0x000000076d000000,0x000000076d000000,0x000000078c600000)
  from space 7680K, 70% used [0x000000078c600000,0x000000078cb4ff48,0x000000078cd80000)
  to   space 7680K, 0% used [0x00000007ac380000,0x00000007ac380000,0x00000007acb00000)
 ParOldGen       total 171008K, used 3954K [0x00000006c7000000, 0x00000006d1700000, 0x000000076d000000)
  object space 171008K, 2% used [0x00000006c7000000,0x00000006c73dca80,0x00000006d1700000)
 Metaspace       used 21053K, capacity 21232K, committed 21296K, reserved 1069056K
  class space    used 2490K, capacity 2536K, committed 2560K, reserved 1048576K
}
Event: 7.908 GC heap before
{Heap before GC invocations=8 (full 1):
 PSYoungGen      total 521728K, used 5439K [0x000000076d000000, 0x00000007acb00000, 0x00000007c0000000)
  eden space 514048K, 0% used [0x000000076d000000,0x000000076d000000,0x000000078c600000)
  from space 7680K, 70% used [0x000000078c600000,0x000000078cb4ff48,0x000000078cd80000)
  to   space 7680K, 0% used [0x00000007ac380000,0x00000007ac380000,0x00000007acb00000)
 ParOldGen       total 171008K, used 3954K [0x00000006c7000000, 0x00000006d1700000, 0x000000076d000000)
  object space 171008K, 2% used [0x00000006c7000000,0x00000006c73dca80,0x00000006d1700000)
 Metaspace       used 21053K, capacity 21232K, committed 21296K, reserved 1069056K
  class space    used 2490K, capacity 2536K, committed 2560K, reserved 1048576K
Event: 7.998 GC heap after
Heap after GC invocations=8 (full 1):
 PSYoungGen      total 521728K, used 0K [0x000000076d000000, 0x00000007acb00000, 0x00000007c0000000)
  eden space 514048K, 0% used [0x000000076d000000,0x000000076d000000,0x000000078c600000)
  from space 7680K, 0% used [0x000000078c600000,0x000000078c600000,0x000000078cd80000)
  to   space 7680K, 0% used [0x00000007ac380000,0x00000007ac380000,0x00000007acb00000)
 ParOldGen       total 102400K, used 7064K [0x00000006c7000000, 0x00000006cd400000, 0x000000076d000000)
  object space 102400K, 6% used [0x00000006c7000000,0x00000006c76e6360,0x00000006cd400000)
 Metaspace       used 21053K, capacity 21232K, committed 21296K, reserved 1069056K
  class space    used 2490K, capacity 2536K, committed 2560K, reserved 1048576K
}
Event: 10.730 GC heap before
{Heap before GC invocations=9 (full 1):
 PSYoungGen      total 521728K, used 514048K [0x000000076d000000, 0x00000007acb00000, 0x00000007c0000000)
  eden space 514048K, 100% used [0x000000076d000000,0x000000078c600000,0x000000078c600000)
  from space 7680K, 0% used [0x000000078c600000,0x000000078c600000,0x000000078cd80000)
  to   space 7680K, 0% used [0x00000007ac380000,0x00000007ac380000,0x00000007acb00000)
 ParOldGen       total 102400K, used 7064K [0x00000006c7000000, 0x00000006cd400000, 0x000000076d000000)
  object space 102400K, 6% used [0x00000006c7000000,0x00000006c76e6360,0x00000006cd400000)
 Metaspace       used 24293K, capacity 24626K, committed 24832K, reserved 1071104K
  class space    used 2922K, capacity 3019K, committed 3072K, reserved 1048576K
Event: 10.759 GC heap after
Heap after GC invocations=9 (full 1):
 PSYoungGen      total 793600K, used 4834K [0x000000076d000000, 0x00000007ac880000, 0x00000007c0000000)
  eden space 788480K, 0% used [0x000000076d000000,0x000000076d000000,0x000000079d200000)
  from space 5120K, 94% used [0x00000007ac380000,0x00000007ac838808,0x00000007ac880000)
  to   space 7680K, 0% used [0x00000007ab980000,0x00000007ab980000,0x00000007ac100000)
 ParOldGen       total 102400K, used 7072K [0x00000006c7000000, 0x00000006cd400000, 0x000000076d000000)
  object space 102400K, 6% used [0x00000006c7000000,0x00000006c76e8360,0x00000006cd400000)
 Metaspace       used 24293K, capacity 24626K, committed 24832K, reserved 1071104K
  class space    used 2922K, capacity 3019K, committed 3072K, reserved 1048576K
}
Event: 14.677 GC heap before
{Heap before GC invocations=10 (full 1):
 PSYoungGen      total 793600K, used 793314K [0x000000076d000000, 0x00000007ac880000, 0x00000007c0000000)
  eden space 788480K, 100% used [0x000000076d000000,0x000000079d200000,0x000000079d200000)
  from space 5120K, 94% used [0x00000007ac380000,0x00000007ac838808,0x00000007ac880000)
  to   space 7680K, 0% used [0x00000007ab980000,0x00000007ab980000,0x00000007ac100000)
 ParOldGen       total 102400K, used 7072K [0x00000006c7000000, 0x00000006cd400000, 0x000000076d000000)
  object space 102400K, 6% used [0x00000006c7000000,0x00000006c76e8360,0x00000006cd400000)
 Metaspace       used 25628K, capacity 25928K, committed 26240K, reserved 1073152K
  class space    used 3097K, capacity 3188K, committed 3200K, reserved 1048576K
Event: 14.705 GC heap after
Heap after GC invocations=10 (full 1):
 PSYoungGen      total 1033216K, used 6940K [0x000000076d000000, 0x00000007aca00000, 0x00000007c0000000)
  eden space 1025536K, 0% used [0x000000076d000000,0x000000076d000000,0x00000007ab980000)
  from space 7680K, 90% used [0x00000007ab980000,0x00000007ac047258,0x00000007ac100000)
  to   space 8192K, 0% used [0x00000007ac200000,0x00000007ac200000,0x00000007aca00000)
 ParOldGen       total 102400K, used 7080K [0x00000006c7000000, 0x00000006cd400000, 0x000000076d000000)
  object space 102400K, 6% used [0x00000006c7000000,0x00000006c76ea360,0x00000006cd400000)
 Metaspace       used 25628K, capacity 25928K, committed 26240K, reserved 1073152K
  class space    used 3097K, capacity 3188K, committed 3200K, reserved 1048576K
}
Event: 61.141 GC heap before
{Heap before GC invocations=11 (full 1):
 PSYoungGen      total 1033216K, used 1032476K [0x000000076d000000, 0x00000007aca00000, 0x00000007c0000000)
  eden space 1025536K, 100% used [0x000000076d000000,0x00000007ab980000,0x00000007ab980000)
  from space 7680K, 90% used [0x00000007ab980000,0x00000007ac047258,0x00000007ac100000)
  to   space 8192K, 0% used [0x00000007ac200000,0x00000007ac200000,0x00000007aca00000)
 ParOldGen       total 102400K, used 7080K [0x00000006c7000000, 0x00000006cd400000, 0x000000076d000000)
  object space 102400K, 6% used [0x00000006c7000000,0x00000006c76ea360,0x00000006cd400000)
 Metaspace       used 32359K, capacity 32790K, committed 33024K, reserved 1079296K
  class space    used 3968K, capacity 4081K, committed 4096K, reserved 1048576K

