# JRE version: OpenJDK Runtime Environment (8.0_171-b11) (build 1.8.0_171-8u171-b11-0ubuntu0.17.10.1-b11)
# Java VM: OpenJDK 64-Bit Server VM (25.171-b11 mixed mode linux-amd64 compressed oops)
Heap:
 PSYoungGen      total 1012736K, used 7157K [0x000000076d000000, 0x00000007b2580000, 0x00000007c0000000)
  eden space 1005568K, 0% used [0x000000076d000000,0x000000076d000000,0x00000007aa600000)
  from space 7168K, 99% used [0x00000007aa600000,0x00000007aacfd438,0x00000007aad00000)
  to   space 6656K, 0% used [0x00000007aad00000,0x00000007aad00000,0x00000007ab380000)
 ParOldGen       total 90624K, used 15736K [0x00000006c7000000, 0x00000006cc880000, 0x000000076d000000)
  object space 90624K, 17% used [0x00000006c7000000,0x00000006c7f5e0e8,0x00000006cc880000)
 Metaspace       used 34380K, capacity 34822K, committed 35120K, reserved 1079296K
  class space    used 4227K, capacity 4343K, committed 4400K, reserved 1048576K
GC Heap History (10 events):
Event: 6.725 GC heap after
Heap after GC invocations=9 (full 0):
 PSYoungGen      total 522240K, used 3723K [0x000000076d000000, 0x00000007a0200000, 0x00000007c0000000)
  eden space 515584K, 0% used [0x000000076d000000,0x000000076d000000,0x000000078c780000)
  from space 6656K, 55% used [0x000000078c780000,0x000000078cb22c88,0x000000078ce00000)
  to   space 6144K, 0% used [0x000000079fc00000,0x000000079fc00000,0x00000007a0200000)
 ParOldGen       total 171008K, used 3292K [0x00000006c7000000, 0x00000006d1700000, 0x000000076d000000)
  object space 171008K, 1% used [0x00000006c7000000,0x00000006c73370f0,0x00000006d1700000)
 Metaspace       used 21015K, capacity 21272K, committed 21296K, reserved 1069056K
  class space    used 2499K, capacity 2584K, committed 2608K, reserved 1048576K
}
Event: 6.725 GC heap before
{Heap before GC invocations=10 (full 1):
 PSYoungGen      total 522240K, used 3723K [0x000000076d000000, 0x00000007a0200000, 0x00000007c0000000)
  eden space 515584K, 0% used [0x000000076d000000,0x000000076d000000,0x000000078c780000)
  from space 6656K, 55% used [0x000000078c780000,0x000000078cb22c88,0x000000078ce00000)
  to   space 6144K, 0% used [0x000000079fc00000,0x000000079fc00000,0x00000007a0200000)
 ParOldGen       total 171008K, used 3292K [0x00000006c7000000, 0x00000006d1700000, 0x000000076d000000)
  object space 171008K, 1% used [0x00000006c7000000,0x00000006c73370f0,0x00000006d1700000)
 Metaspace       used 21015K, capacity 21272K, committed 21296K, reserved 1069056K
  class space    used 2499K, capacity 2584K, committed 2608K, reserved 1048576K
Event: 6.788 GC heap after
Heap after GC invocations=10 (full 1):
 PSYoungGen      total 522240K, used 0K [0x000000076d000000, 0x00000007a0200000, 0x00000007c0000000)
  eden space 515584K, 0% used [0x000000076d000000,0x000000076d000000,0x000000078c780000)
  from space 6656K, 0% used [0x000000078c780000,0x000000078c780000,0x000000078ce00000)
  to   space 6144K, 0% used [0x000000079fc00000,0x000000079fc00000,0x00000007a0200000)
 ParOldGen       total 90624K, used 6184K [0x00000006c7000000, 0x00000006cc880000, 0x000000076d000000)
  object space 90624K, 6% used [0x00000006c7000000,0x00000006c760a0f8,0x00000006cc880000)
 Metaspace       used 21015K, capacity 21272K, committed 21296K, reserved 1069056K
  class space    used 2499K, capacity 2584K, committed 2608K, reserved 1048576K
}
Event: 8.933 GC heap before
{Heap before GC invocations=11 (full 1):
 PSYoungGen      total 522240K, used 515584K [0x000000076d000000, 0x00000007a0200000, 0x00000007c0000000)
  eden space 515584K, 100% used [0x000000076d000000,0x000000078c780000,0x000000078c780000)
  from space 6656K, 0% used [0x000000078c780000,0x000000078c780000,0x000000078ce00000)
  to   space 6144K, 0% used [0x000000079fc00000,0x000000079fc00000,0x00000007a0200000)
 ParOldGen       total 90624K, used 6184K [0x00000006c7000000, 0x00000006cc880000, 0x000000076d000000)
  object space 90624K, 6% used [0x00000006c7000000,0x00000006c760a0f8,0x00000006cc880000)
 Metaspace       used 24159K, capacity 24528K, committed 24880K, reserved 1071104K
  class space    used 2918K, capacity 3022K, committed 3120K, reserved 1048576K
Event: 8.948 GC heap after
Heap after GC invocations=11 (full 1):
 PSYoungGen      total 730112K, used 4565K [0x000000076d000000, 0x00000007a0080000, 0x00000007c0000000)
  eden space 725504K, 0% used [0x000000076d000000,0x000000076d000000,0x0000000799480000)
  from space 4608K, 99% used [0x000000079fc00000,0x00000007a0075700,0x00000007a0080000)
  to   space 6656K, 0% used [0x000000079f380000,0x000000079f380000,0x000000079fa00000)
 ParOldGen       total 90624K, used 6192K [0x00000006c7000000, 0x00000006cc880000, 0x000000076d000000)
  object space 90624K, 6% used [0x00000006c7000000,0x00000006c760c0f8,0x00000006cc880000)
 Metaspace       used 24159K, capacity 24528K, committed 24880K, reserved 1071104K
  class space    used 2918K, capacity 3022K, committed 3120K, reserved 1048576K
}
Event: 11.256 GC heap before
{Heap before GC invocations=12 (full 1):
 PSYoungGen      total 730112K, used 730069K [0x000000076d000000, 0x00000007a0080000, 0x00000007c0000000)
  eden space 725504K, 100% used [0x000000076d000000,0x0000000799480000,0x0000000799480000)
  from space 4608K, 99% used [0x000000079fc00000,0x00000007a0075700,0x00000007a0080000)
  to   space 6656K, 0% used [0x000000079f380000,0x000000079f380000,0x000000079fa00000)
 ParOldGen       total 90624K, used 6192K [0x00000006c7000000, 0x00000006cc880000, 0x000000076d000000)
  object space 90624K, 6% used [0x00000006c7000000,0x00000006c760c0f8,0x00000006cc880000)
 Metaspace       used 25597K, capacity 25920K, committed 26032K, reserved 1073152K
  class space    used 3108K, capacity 3222K, committed 3248K, reserved 1048576K
Event: 11.277 GC heap after
Heap after GC invocations=12 (full 1):
 PSYoungGen      total 829440K, used 4561K [0x000000076d000000, 0x00000007ab380000, 0x00000007c0000000)
  eden space 822784K, 0% used [0x000000076d000000,0x000000076d000000,0x000000079f380000)
  from space 6656K, 68% used [0x000000079f380000,0x000000079f7f47e8,0x000000079fa00000)
  to   space 6656K, 0% used [0x00000007aad00000,0x00000007aad00000,0x00000007ab380000)
 ParOldGen       total 90624K, used 8092K [0x00000006c7000000, 0x00000006cc880000, 0x000000076d000000)
  object space 90624K, 8% used [0x00000006c7000000,0x00000006c77e7128,0x00000006cc880000)
 Metaspace       used 25597K, capacity 25920K, committed 26032K, reserved 1073152K
  class space    used 3108K, capacity 3222K, committed 3248K, reserved 1048576K
}
Event: 15.373 GC heap before
{Heap before GC invocations=13 (full 1):
 PSYoungGen      total 829440K, used 827345K [0x000000076d000000, 0x00000007ab380000, 0x00000007c0000000)
  eden space 822784K, 100% used [0x000000076d000000,0x000000079f380000,0x000000079f380000)
  from space 6656K, 68% used [0x000000079f380000,0x000000079f7f47e8,0x000000079fa00000)
  to   space 6656K, 0% used [0x00000007aad00000,0x00000007aad00000,0x00000007ab380000)
 ParOldGen       total 90624K, used 8092K [0x00000006c7000000, 0x00000006cc880000, 0x000000076d000000)
  object space 90624K, 8% used [0x00000006c7000000,0x00000006c77e7128,0x00000006cc880000)
 Metaspace       used 28546K, capacity 28940K, committed 29104K, reserved 1075200K
  class space    used 3548K, capacity 3656K, committed 3760K, reserved 1048576K
Event: 15.401 GC heap after
Heap after GC invocations=13 (full 1):
 PSYoungGen      total 1012224K, used 6523K [0x000000076d000000, 0x00000007b2580000, 0x00000007c0000000)
  eden space 1005568K, 0% used [0x000000076d000000,0x000000076d000000,0x00000007aa600000)
  from space 6656K, 98% used [0x00000007aad00000,0x00000007ab35ec50,0x00000007ab380000)
  to   space 7168K, 0% used [0x00000007aa600000,0x00000007aa600000,0x00000007aad00000)
 ParOldGen       total 90624K, used 10252K [0x00000006c7000000, 0x00000006cc880000, 0x000000076d000000)
  object space 90624K, 11% used [0x00000006c7000000,0x00000006c7a03158,0x00000006cc880000)
 Metaspace       used 28546K, capacity 28940K, committed 29104K, reserved 1075200K
  class space    used 3548K, capacity 3656K, committed 3760K, reserved 1048576K
}
Event: 23.498 GC heap before
{Heap before GC invocations=14 (full 1):
 PSYoungGen      total 1012224K, used 1012091K [0x000000076d000000, 0x00000007b2580000, 0x00000007c0000000)
  eden space 1005568K, 100% used [0x000000076d000000,0x00000007aa600000,0x00000007aa600000)
  from space 6656K, 98% used [0x00000007aad00000,0x00000007ab35ec50,0x00000007ab380000)
  to   space 7168K, 0% used [0x00000007aa600000,0x00000007aa600000,0x00000007aad00000)
 ParOldGen       total 90624K, used 10252K [0x00000006c7000000, 0x00000006cc880000, 0x000000076d000000)
  object space 90624K, 11% used [0x00000006c7000000,0x00000006c7a03158,0x00000006cc880000)
 Metaspace       used 34380K, capacity 34822K, committed 35120K, reserved 1079296K
  class space    used 4227K, capacity 4343K, committed 4400K, reserved 1048576K

