# JRE version: OpenJDK Runtime Environment (8.0_171-b11) (build 1.8.0_171-8u171-b11-0ubuntu0.17.10.1-b11)
# Java VM: OpenJDK 64-Bit Server VM (25.171-b11 mixed mode linux-amd64 compressed oops)
Heap:
 PSYoungGen      total 741376K, used 4336K [0x000000076d000000, 0x000000079ff00000, 0x00000007c0000000)
  eden space 734720K, 0% used [0x000000076d000000,0x000000076d000000,0x0000000799d80000)
  from space 6656K, 65% used [0x000000079f200000,0x000000079f63c3e0,0x000000079f880000)
  to   space 5120K, 0% used [0x000000079fa00000,0x000000079fa00000,0x000000079ff00000)
 ParOldGen       total 93696K, used 8326K [0x00000006c7000000, 0x00000006ccb80000, 0x000000076d000000)
  object space 93696K, 8% used [0x00000006c7000000,0x00000006c7821b90,0x00000006ccb80000)
 Metaspace       used 25647K, capacity 25972K, committed 26368K, reserved 1073152K
  class space    used 3106K, capacity 3222K, committed 3328K, reserved 1048576K
GC Heap History (10 events):
Event: 6.109 GC heap after
Heap after GC invocations=7 (full 0):
 PSYoungGen      total 262144K, used 4605K [0x000000076d000000, 0x000000078d300000, 0x00000007c0000000)
  eden space 257536K, 0% used [0x000000076d000000,0x000000076d000000,0x000000077cb80000)
  from space 4608K, 99% used [0x000000077cb80000,0x000000077cfff478,0x000000077d000000)
  to   space 6144K, 0% used [0x000000078cd00000,0x000000078cd00000,0x000000078d300000)
 ParOldGen       total 171008K, used 2041K [0x00000006c7000000, 0x00000006d1700000, 0x000000076d000000)
  object space 171008K, 1% used [0x00000006c7000000,0x00000006c71fe568,0x00000006d1700000)
 Metaspace       used 14428K, capacity 14588K, committed 14848K, reserved 1062912K
  class space    used 1706K, capacity 1724K, committed 1792K, reserved 1048576K
}
Event: 8.571 GC heap before
{Heap before GC invocations=8 (full 0):
 PSYoungGen      total 262144K, used 262141K [0x000000076d000000, 0x000000078d300000, 0x00000007c0000000)
  eden space 257536K, 100% used [0x000000076d000000,0x000000077cb80000,0x000000077cb80000)
  from space 4608K, 99% used [0x000000077cb80000,0x000000077cfff478,0x000000077d000000)
  to   space 6144K, 0% used [0x000000078cd00000,0x000000078cd00000,0x000000078d300000)
 ParOldGen       total 171008K, used 2041K [0x00000006c7000000, 0x00000006d1700000, 0x000000076d000000)
  object space 171008K, 1% used [0x00000006c7000000,0x00000006c71fe568,0x00000006d1700000)
 Metaspace       used 19443K, capacity 19654K, committed 19840K, reserved 1067008K
  class space    used 2307K, capacity 2387K, committed 2432K, reserved 1048576K
Event: 8.590 GC heap after
Heap after GC invocations=8 (full 0):
 PSYoungGen      total 520704K, used 5534K [0x000000076d000000, 0x000000078d400000, 0x00000007c0000000)
  eden space 514560K, 0% used [0x000000076d000000,0x000000076d000000,0x000000078c680000)
  from space 6144K, 90% used [0x000000078cd00000,0x000000078d267a10,0x000000078d300000)
  to   space 6656K, 0% used [0x000000078c680000,0x000000078c680000,0x000000078cd00000)
 ParOldGen       total 171008K, used 2361K [0x00000006c7000000, 0x00000006d1700000, 0x000000076d000000)
  object space 171008K, 1% used [0x00000006c7000000,0x00000006c724e568,0x00000006d1700000)
 Metaspace       used 19443K, capacity 19654K, committed 19840K, reserved 1067008K
  class space    used 2307K, capacity 2387K, committed 2432K, reserved 1048576K
}
Event: 9.092 GC heap before
{Heap before GC invocations=9 (full 0):
 PSYoungGen      total 520704K, used 183302K [0x000000076d000000, 0x000000078d400000, 0x00000007c0000000)
  eden space 514560K, 34% used [0x000000076d000000,0x0000000777d9a118,0x000000078c680000)
  from space 6144K, 90% used [0x000000078cd00000,0x000000078d267a10,0x000000078d300000)
  to   space 6656K, 0% used [0x000000078c680000,0x000000078c680000,0x000000078cd00000)
 ParOldGen       total 171008K, used 2361K [0x00000006c7000000, 0x00000006d1700000, 0x000000076d000000)
  object space 171008K, 1% used [0x00000006c7000000,0x00000006c724e568,0x00000006d1700000)
 Metaspace       used 20940K, capacity 21168K, committed 21248K, reserved 1069056K
  class space    used 2472K, capacity 2536K, committed 2560K, reserved 1048576K
Event: 9.102 GC heap after
Heap after GC invocations=9 (full 0):
 PSYoungGen      total 521216K, used 3682K [0x000000076d000000, 0x00000007a0000000, 0x00000007c0000000)
  eden space 514560K, 0% used [0x000000076d000000,0x000000076d000000,0x000000078c680000)
  from space 6656K, 55% used [0x000000078c680000,0x000000078ca18bd0,0x000000078cd00000)
  to   space 6144K, 0% used [0x000000079fa00000,0x000000079fa00000,0x00000007a0000000)
 ParOldGen       total 171008K, used 2905K [0x00000006c7000000, 0x00000006d1700000, 0x000000076d000000)
  object space 171008K, 1% used [0x00000006c7000000,0x00000006c72d6578,0x00000006d1700000)
 Metaspace       used 20940K, capacity 21168K, committed 21248K, reserved 1069056K
  class space    used 2472K, capacity 2536K, committed 2560K, reserved 1048576K
}
Event: 9.102 GC heap before
{Heap before GC invocations=10 (full 1):
 PSYoungGen      total 521216K, used 3682K [0x000000076d000000, 0x00000007a0000000, 0x00000007c0000000)
  eden space 514560K, 0% used [0x000000076d000000,0x000000076d000000,0x000000078c680000)
  from space 6656K, 55% used [0x000000078c680000,0x000000078ca18bd0,0x000000078cd00000)
  to   space 6144K, 0% used [0x000000079fa00000,0x000000079fa00000,0x00000007a0000000)
 ParOldGen       total 171008K, used 2905K [0x00000006c7000000, 0x00000006d1700000, 0x000000076d000000)
  object space 171008K, 1% used [0x00000006c7000000,0x00000006c72d6578,0x00000006d1700000)
 Metaspace       used 20940K, capacity 21168K, committed 21248K, reserved 1069056K
  class space    used 2472K, capacity 2536K, committed 2560K, reserved 1048576K
Event: 9.171 GC heap after
Heap after GC invocations=10 (full 1):
 PSYoungGen      total 521216K, used 0K [0x000000076d000000, 0x00000007a0000000, 0x00000007c0000000)
  eden space 514560K, 0% used [0x000000076d000000,0x000000076d000000,0x000000078c680000)
  from space 6656K, 0% used [0x000000078c680000,0x000000078c680000,0x000000078cd00000)
  to   space 6144K, 0% used [0x000000079fa00000,0x000000079fa00000,0x00000007a0000000)
 ParOldGen       total 93696K, used 6146K [0x00000006c7000000, 0x00000006ccb80000, 0x000000076d000000)
  object space 93696K, 6% used [0x00000006c7000000,0x00000006c7600b60,0x00000006ccb80000)
 Metaspace       used 20940K, capacity 21168K, committed 21248K, reserved 1069056K
  class space    used 2472K, capacity 2536K, committed 2560K, reserved 1048576K
}
Event: 11.585 GC heap before
{Heap before GC invocations=11 (full 1):
 PSYoungGen      total 521216K, used 514560K [0x000000076d000000, 0x00000007a0000000, 0x00000007c0000000)
  eden space 514560K, 100% used [0x000000076d000000,0x000000078c680000,0x000000078c680000)
  from space 6656K, 0% used [0x000000078c680000,0x000000078c680000,0x000000078cd00000)
  to   space 6144K, 0% used [0x000000079fa00000,0x000000079fa00000,0x00000007a0000000)
 ParOldGen       total 93696K, used 6146K [0x00000006c7000000, 0x00000006ccb80000, 0x000000076d000000)
  object space 93696K, 6% used [0x00000006c7000000,0x00000006c7600b60,0x00000006ccb80000)
 Metaspace       used 24216K, capacity 24580K, committed 24832K, reserved 1071104K
  class space    used 2919K, capacity 3022K, committed 3072K, reserved 1048576K
Event: 12.332 GC heap after
Heap after GC invocations=11 (full 1):
 PSYoungGen      total 739840K, used 4941K [0x000000076d000000, 0x000000079ff00000, 0x00000007c0000000)
  eden space 734720K, 0% used [0x000000076d000000,0x000000076d000000,0x0000000799d80000)
  from space 5120K, 96% used [0x000000079fa00000,0x000000079fed35b8,0x000000079ff00000)
  to   space 6656K, 0% used [0x000000079f200000,0x000000079f200000,0x000000079f880000)
 ParOldGen       total 93696K, used 6146K [0x00000006c7000000, 0x00000006ccb80000, 0x000000076d000000)
  object space 93696K, 6% used [0x00000006c7000000,0x00000006c7600b60,0x00000006ccb80000)
 Metaspace       used 24216K, capacity 24580K, committed 24832K, reserved 1071104K
  class space    used 2919K, capacity 3022K, committed 3072K, reserved 1048576K
}
Event: 50.697 GC heap before
{Heap before GC invocations=12 (full 1):
 PSYoungGen      total 739840K, used 739661K [0x000000076d000000, 0x000000079ff00000, 0x00000007c0000000)
  eden space 734720K, 100% used [0x000000076d000000,0x0000000799d80000,0x0000000799d80000)
  from space 5120K, 96% used [0x000000079fa00000,0x000000079fed35b8,0x000000079ff00000)
  to   space 6656K, 0% used [0x000000079f200000,0x000000079f200000,0x000000079f880000)
 ParOldGen       total 93696K, used 6146K [0x00000006c7000000, 0x00000006ccb80000, 0x000000076d000000)
  object space 93696K, 6% used [0x00000006c7000000,0x00000006c7600b60,0x00000006ccb80000)
 Metaspace       used 25647K, capacity 25972K, committed 26368K, reserved 1073152K
  class space    used 3106K, capacity 3222K, committed 3328K, reserved 1048576K

