# JRE version: OpenJDK Runtime Environment (8.0_171-b11) (build 1.8.0_171-8u171-b11-0ubuntu0.17.10.1-b11)
# Java VM: OpenJDK 64-Bit Server VM (25.171-b11 mixed mode linux-amd64 compressed oops)
Heap:
 PSYoungGen      total 829440K, used 6644K [0x000000076d000000, 0x00000007a6680000, 0x00000007c0000000)
  eden space 822784K, 0% used [0x000000076d000000,0x000000076d000000,0x000000079f380000)
  from space 6656K, 99% used [0x00000007a6000000,0x00000007a667d158,0x00000007a6680000)
  to   space 6656K, 0% used [0x000000079f380000,0x000000079f380000,0x000000079fa00000)
 ParOldGen       total 95744K, used 12012K [0x00000006c7000000, 0x00000006ccd80000, 0x000000076d000000)
  object space 95744K, 12% used [0x00000006c7000000,0x00000006c7bbb020,0x00000006ccd80000)
 Metaspace       used 30096K, capacity 30508K, committed 30720K, reserved 1077248K
  class space    used 3688K, capacity 3818K, committed 3840K, reserved 1048576K
GC Heap History (10 events):
Event: 6.748 GC heap after
Heap after GC invocations=8 (full 0):
 PSYoungGen      total 520704K, used 5626K [0x000000076d000000, 0x000000078d500000, 0x00000007c0000000)
  eden space 515072K, 0% used [0x000000076d000000,0x000000076d000000,0x000000078c700000)
  from space 5632K, 99% used [0x000000078cd80000,0x000000078d2feaf8,0x000000078d300000)
  to   space 6656K, 0% used [0x000000078c700000,0x000000078c700000,0x000000078cd80000)
 ParOldGen       total 171008K, used 2698K [0x00000006c7000000, 0x00000006d1700000, 0x000000076d000000)
  object space 171008K, 1% used [0x00000006c7000000,0x00000006c72a28e0,0x00000006d1700000)
 Metaspace       used 19237K, capacity 19526K, committed 19584K, reserved 1067008K
  class space    used 2297K, capacity 2387K, committed 2432K, reserved 1048576K
}
Event: 7.310 GC heap before
{Heap before GC invocations=9 (full 0):
 PSYoungGen      total 520704K, used 181584K [0x000000076d000000, 0x000000078d500000, 0x00000007c0000000)
  eden space 515072K, 34% used [0x000000076d000000,0x0000000777bd57c8,0x000000078c700000)
  from space 5632K, 99% used [0x000000078cd80000,0x000000078d2feaf8,0x000000078d300000)
  to   space 6656K, 0% used [0x000000078c700000,0x000000078c700000,0x000000078cd80000)
 ParOldGen       total 171008K, used 2698K [0x00000006c7000000, 0x00000006d1700000, 0x000000076d000000)
  object space 171008K, 1% used [0x00000006c7000000,0x00000006c72a28e0,0x00000006d1700000)
 Metaspace       used 20932K, capacity 21162K, committed 21248K, reserved 1069056K
  class space    used 2477K, capacity 2533K, committed 2560K, reserved 1048576K
Event: 7.338 GC heap after
Heap after GC invocations=9 (full 0):
 PSYoungGen      total 521728K, used 3825K [0x000000076d000000, 0x00000007a0200000, 0x00000007c0000000)
  eden space 515072K, 0% used [0x000000076d000000,0x000000076d000000,0x000000078c700000)
  from space 6656K, 57% used [0x000000078c700000,0x000000078cabc6a0,0x000000078cd80000)
  to   space 6656K, 0% used [0x000000079fb80000,0x000000079fb80000,0x00000007a0200000)
 ParOldGen       total 171008K, used 3122K [0x00000006c7000000, 0x00000006d1700000, 0x000000076d000000)
  object space 171008K, 1% used [0x00000006c7000000,0x00000006c730c8e0,0x00000006d1700000)
 Metaspace       used 20932K, capacity 21162K, committed 21248K, reserved 1069056K
  class space    used 2477K, capacity 2533K, committed 2560K, reserved 1048576K
}
Event: 7.338 GC heap before
{Heap before GC invocations=10 (full 1):
 PSYoungGen      total 521728K, used 3825K [0x000000076d000000, 0x00000007a0200000, 0x00000007c0000000)
  eden space 515072K, 0% used [0x000000076d000000,0x000000076d000000,0x000000078c700000)
  from space 6656K, 57% used [0x000000078c700000,0x000000078cabc6a0,0x000000078cd80000)
  to   space 6656K, 0% used [0x000000079fb80000,0x000000079fb80000,0x00000007a0200000)
 ParOldGen       total 171008K, used 3122K [0x00000006c7000000, 0x00000006d1700000, 0x000000076d000000)
  object space 171008K, 1% used [0x00000006c7000000,0x00000006c730c8e0,0x00000006d1700000)
 Metaspace       used 20932K, capacity 21162K, committed 21248K, reserved 1069056K
  class space    used 2477K, capacity 2533K, committed 2560K, reserved 1048576K
Event: 7.441 GC heap after
Heap after GC invocations=10 (full 1):
 PSYoungGen      total 521728K, used 0K [0x000000076d000000, 0x00000007a0200000, 0x00000007c0000000)
  eden space 515072K, 0% used [0x000000076d000000,0x000000076d000000,0x000000078c700000)
  from space 6656K, 0% used [0x000000078c700000,0x000000078c700000,0x000000078cd80000)
  to   space 6656K, 0% used [0x000000079fb80000,0x000000079fb80000,0x00000007a0200000)
 ParOldGen       total 95744K, used 6217K [0x00000006c7000000, 0x00000006ccd80000, 0x000000076d000000)
  object space 95744K, 6% used [0x00000006c7000000,0x00000006c7612668,0x00000006ccd80000)
 Metaspace       used 20932K, capacity 21162K, committed 21248K, reserved 1069056K
  class space    used 2477K, capacity 2533K, committed 2560K, reserved 1048576K
}
Event: 10.025 GC heap before
{Heap before GC invocations=11 (full 1):
 PSYoungGen      total 521728K, used 515072K [0x000000076d000000, 0x00000007a0200000, 0x00000007c0000000)
  eden space 515072K, 100% used [0x000000076d000000,0x000000078c700000,0x000000078c700000)
  from space 6656K, 0% used [0x000000078c700000,0x000000078c700000,0x000000078cd80000)
  to   space 6656K, 0% used [0x000000079fb80000,0x000000079fb80000,0x00000007a0200000)
 ParOldGen       total 95744K, used 6217K [0x00000006c7000000, 0x00000006ccd80000, 0x000000076d000000)
  object space 95744K, 6% used [0x00000006c7000000,0x00000006c7612668,0x00000006ccd80000)
 Metaspace       used 24239K, capacity 24562K, committed 24832K, reserved 1071104K
  class space    used 2916K, capacity 3019K, committed 3072K, reserved 1048576K
Event: 10.037 GC heap after
Heap after GC invocations=11 (full 1):
 PSYoungGen      total 700416K, used 4915K [0x000000076d000000, 0x00000007a0080000, 0x00000007c0000000)
  eden space 695296K, 0% used [0x000000076d000000,0x000000076d000000,0x0000000797700000)
  from space 5120K, 96% used [0x000000079fb80000,0x00000007a004ce90,0x00000007a0080000)
  to   space 6656K, 0% used [0x000000079f380000,0x000000079f380000,0x000000079fa00000)
 ParOldGen       total 95744K, used 6225K [0x00000006c7000000, 0x00000006ccd80000, 0x000000076d000000)
  object space 95744K, 6% used [0x00000006c7000000,0x00000006c7614668,0x00000006ccd80000)
 Metaspace       used 24239K, capacity 24562K, committed 24832K, reserved 1071104K
  class space    used 2916K, capacity 3019K, committed 3072K, reserved 1048576K
}
Event: 11.918 GC heap before
{Heap before GC invocations=12 (full 1):
 PSYoungGen      total 700416K, used 700211K [0x000000076d000000, 0x00000007a0080000, 0x00000007c0000000)
  eden space 695296K, 100% used [0x000000076d000000,0x0000000797700000,0x0000000797700000)
  from space 5120K, 96% used [0x000000079fb80000,0x00000007a004ce90,0x00000007a0080000)
  to   space 6656K, 0% used [0x000000079f380000,0x000000079f380000,0x000000079fa00000)
 ParOldGen       total 95744K, used 6225K [0x00000006c7000000, 0x00000006ccd80000, 0x000000076d000000)
  object space 95744K, 6% used [0x00000006c7000000,0x00000006c7614668,0x00000006ccd80000)
 Metaspace       used 25535K, capacity 25858K, committed 25984K, reserved 1073152K
  class space    used 3086K, capacity 3187K, committed 3200K, reserved 1048576K
Event: 11.940 GC heap after
Heap after GC invocations=12 (full 1):
 PSYoungGen      total 829440K, used 4343K [0x000000076d000000, 0x00000007a6680000, 0x00000007c0000000)
  eden space 822784K, 0% used [0x000000076d000000,0x000000076d000000,0x000000079f380000)
  from space 6656K, 65% used [0x000000079f380000,0x000000079f7bdce0,0x000000079fa00000)
  to   space 6656K, 0% used [0x00000007a6000000,0x00000007a6000000,0x00000007a6680000)
 ParOldGen       total 95744K, used 8405K [0x00000006c7000000, 0x00000006ccd80000, 0x000000076d000000)
  object space 95744K, 8% used [0x00000006c7000000,0x00000006c78356a8,0x00000006ccd80000)
 Metaspace       used 25535K, capacity 25858K, committed 25984K, reserved 1073152K
  class space    used 3086K, capacity 3187K, committed 3200K, reserved 1048576K
}
Event: 40.396 GC heap before
{Heap before GC invocations=13 (full 1):
 PSYoungGen      total 829440K, used 827127K [0x000000076d000000, 0x00000007a6680000, 0x00000007c0000000)
  eden space 822784K, 100% used [0x000000076d000000,0x000000079f380000,0x000000079f380000)
  from space 6656K, 65% used [0x000000079f380000,0x000000079f7bdce0,0x000000079fa00000)
  to   space 6656K, 0% used [0x00000007a6000000,0x00000007a6000000,0x00000007a6680000)
 ParOldGen       total 95744K, used 8405K [0x00000006c7000000, 0x00000006ccd80000, 0x000000076d000000)
  object space 95744K, 8% used [0x00000006c7000000,0x00000006c78356a8,0x00000006ccd80000)
 Metaspace       used 30096K, capacity 30508K, committed 30720K, reserved 1077248K
  class space    used 3688K, capacity 3818K, committed 3840K, reserved 1048576K

