# JRE version: OpenJDK Runtime Environment (8.0_171-b11) (build 1.8.0_171-8u171-b11-0ubuntu0.17.10.1-b11)
# Java VM: OpenJDK 64-Bit Server VM (25.171-b11 mixed mode linux-amd64 compressed oops)
Heap:
 PSYoungGen      total 521728K, used 5463K [0x000000076d000000, 0x000000078d700000, 0x00000007c0000000)
  eden space 514048K, 0% used [0x000000076d000000,0x000000076d000000,0x000000078c600000)
  from space 7680K, 71% used [0x000000078c600000,0x000000078cb55c38,0x000000078cd80000)
  to   space 5632K, 0% used [0x000000078cd80000,0x000000078cd80000,0x000000078d300000)
 ParOldGen       total 171008K, used 3871K [0x00000006c7000000, 0x00000006d1700000, 0x000000076d000000)
  object space 171008K, 2% used [0x00000006c7000000,0x00000006c73c7db8,0x00000006d1700000)
 Metaspace       used 20973K, capacity 21240K, committed 21296K, reserved 1069056K
  class space    used 2482K, capacity 2572K, committed 2608K, reserved 1048576K
GC Heap History (10 events):
Event: 1.571 GC heap after
Heap after GC invocations=2 (full 0):
 PSYoungGen      total 139264K, used 2379K [0x000000076d000000, 0x0000000776200000, 0x00000007c0000000)
  eden space 129024K, 0% used [0x000000076d000000,0x000000076d000000,0x0000000774e00000)
  from space 10240K, 23% used [0x0000000775800000,0x0000000775a52e80,0x0000000776200000)
  to   space 10240K, 0% used [0x0000000774e00000,0x0000000774e00000,0x0000000775800000)
 ParOldGen       total 171008K, used 0K [0x00000006c7000000, 0x00000006d1700000, 0x000000076d000000)
  object space 171008K, 0% used [0x00000006c7000000,0x00000006c7000000,0x00000006d1700000)
 Metaspace       used 5989K, capacity 6180K, committed 6400K, reserved 1056768K
  class space    used 645K, capacity 696K, committed 768K, reserved 1048576K
}
Event: 2.441 GC heap before
{Heap before GC invocations=3 (full 0):
 PSYoungGen      total 139264K, used 131403K [0x000000076d000000, 0x0000000776200000, 0x00000007c0000000)
  eden space 129024K, 100% used [0x000000076d000000,0x0000000774e00000,0x0000000774e00000)
  from space 10240K, 23% used [0x0000000775800000,0x0000000775a52e80,0x0000000776200000)
  to   space 10240K, 0% used [0x0000000774e00000,0x0000000774e00000,0x0000000775800000)
 ParOldGen       total 171008K, used 0K [0x00000006c7000000, 0x00000006d1700000, 0x000000076d000000)
  object space 171008K, 0% used [0x00000006c7000000,0x00000006c7000000,0x00000006d1700000)
 Metaspace       used 8136K, capacity 8310K, committed 8448K, reserved 1056768K
  class space    used 913K, capacity 955K, committed 1024K, reserved 1048576K
Event: 2.458 GC heap after
Heap after GC invocations=3 (full 0):
 PSYoungGen      total 139264K, used 3503K [0x000000076d000000, 0x000000077e000000, 0x00000007c0000000)
  eden space 129024K, 0% used [0x000000076d000000,0x000000076d000000,0x0000000774e00000)
  from space 10240K, 34% used [0x0000000774e00000,0x000000077516bfb8,0x0000000775800000)
  to   space 10240K, 0% used [0x000000077d600000,0x000000077d600000,0x000000077e000000)
 ParOldGen       total 171008K, used 8K [0x00000006c7000000, 0x00000006d1700000, 0x000000076d000000)
  object space 171008K, 0% used [0x00000006c7000000,0x00000006c7002000,0x00000006d1700000)
 Metaspace       used 8136K, capacity 8310K, committed 8448K, reserved 1056768K
  class space    used 913K, capacity 955K, committed 1024K, reserved 1048576K
}
Event: 3.223 GC heap before
{Heap before GC invocations=4 (full 0):
 PSYoungGen      total 139264K, used 132527K [0x000000076d000000, 0x000000077e000000, 0x00000007c0000000)
  eden space 129024K, 100% used [0x000000076d000000,0x0000000774e00000,0x0000000774e00000)
  from space 10240K, 34% used [0x0000000774e00000,0x000000077516bfb8,0x0000000775800000)
  to   space 10240K, 0% used [0x000000077d600000,0x000000077d600000,0x000000077e000000)
 ParOldGen       total 171008K, used 8K [0x00000006c7000000, 0x00000006d1700000, 0x000000076d000000)
  object space 171008K, 0% used [0x00000006c7000000,0x00000006c7002000,0x00000006d1700000)
 Metaspace       used 9531K, capacity 9718K, committed 9856K, reserved 1058816K
  class space    used 1103K, capacity 1147K, committed 1152K, reserved 1048576K
Event: 3.231 GC heap after
Heap after GC invocations=4 (full 0):
 PSYoungGen      total 268288K, used 3865K [0x000000076d000000, 0x000000077e000000, 0x00000007c0000000)
  eden space 258048K, 0% used [0x000000076d000000,0x000000076d000000,0x000000077cc00000)
  from space 10240K, 37% used [0x000000077d600000,0x000000077d9c6418,0x000000077e000000)
  to   space 10240K, 0% used [0x000000077cc00000,0x000000077cc00000,0x000000077d600000)
 ParOldGen       total 171008K, used 16K [0x00000006c7000000, 0x00000006d1700000, 0x000000076d000000)
  object space 171008K, 0% used [0x00000006c7000000,0x00000006c7004000,0x00000006d1700000)
 Metaspace       used 9531K, capacity 9718K, committed 9856K, reserved 1058816K
  class space    used 1103K, capacity 1147K, committed 1152K, reserved 1048576K
}
Event: 4.802 GC heap before
{Heap before GC invocations=5 (full 0):
 PSYoungGen      total 268288K, used 261913K [0x000000076d000000, 0x000000077e000000, 0x00000007c0000000)
  eden space 258048K, 100% used [0x000000076d000000,0x000000077cc00000,0x000000077cc00000)
  from space 10240K, 37% used [0x000000077d600000,0x000000077d9c6418,0x000000077e000000)
  to   space 10240K, 0% used [0x000000077cc00000,0x000000077cc00000,0x000000077d600000)
 ParOldGen       total 171008K, used 16K [0x00000006c7000000, 0x00000006d1700000, 0x000000076d000000)
  object space 171008K, 0% used [0x00000006c7000000,0x00000006c7004000,0x00000006d1700000)
 Metaspace       used 12039K, capacity 12188K, committed 12288K, reserved 1060864K
  class space    used 1447K, capacity 1500K, committed 1536K, reserved 1048576K
Event: 4.815 GC heap after
Heap after GC invocations=5 (full 0):
 PSYoungGen      total 268288K, used 4725K [0x000000076d000000, 0x000000078d300000, 0x00000007c0000000)
  eden space 258048K, 0% used [0x000000076d000000,0x000000076d000000,0x000000077cc00000)
  from space 10240K, 46% used [0x000000077cc00000,0x000000077d09d630,0x000000077d600000)
  to   space 5632K, 0% used [0x000000078cd80000,0x000000078cd80000,0x000000078d300000)
 ParOldGen       total 171008K, used 24K [0x00000006c7000000, 0x00000006d1700000, 0x000000076d000000)
  object space 171008K, 0% used [0x00000006c7000000,0x00000006c7006000,0x00000006d1700000)
 Metaspace       used 12039K, capacity 12188K, committed 12288K, reserved 1060864K
  class space    used 1447K, capacity 1500K, committed 1536K, reserved 1048576K
}
Event: 7.100 GC heap before
{Heap before GC invocations=6 (full 0):
 PSYoungGen      total 268288K, used 262773K [0x000000076d000000, 0x000000078d300000, 0x00000007c0000000)
  eden space 258048K, 100% used [0x000000076d000000,0x000000077cc00000,0x000000077cc00000)
  from space 10240K, 46% used [0x000000077cc00000,0x000000077d09d630,0x000000077d600000)
  to   space 5632K, 0% used [0x000000078cd80000,0x000000078cd80000,0x000000078d300000)
 ParOldGen       total 171008K, used 24K [0x00000006c7000000, 0x00000006d1700000, 0x000000076d000000)
  object space 171008K, 0% used [0x00000006c7000000,0x00000006c7006000,0x00000006d1700000)
 Metaspace       used 16861K, capacity 17020K, committed 17152K, reserved 1064960K
  class space    used 2003K, capacity 2044K, committed 2048K, reserved 1048576K
Event: 7.120 GC heap after
Heap after GC invocations=6 (full 0):
 PSYoungGen      total 519680K, used 5606K [0x000000076d000000, 0x000000078d700000, 0x00000007c0000000)
  eden space 514048K, 0% used [0x000000076d000000,0x000000076d000000,0x000000078c600000)
  from space 5632K, 99% used [0x000000078cd80000,0x000000078d2f9b70,0x000000078d300000)
  to   space 7680K, 0% used [0x000000078c600000,0x000000078c600000,0x000000078cd80000)
 ParOldGen       total 171008K, used 2002K [0x00000006c7000000, 0x00000006d1700000, 0x000000076d000000)
  object space 171008K, 1% used [0x00000006c7000000,0x00000006c71f48a8,0x00000006d1700000)
 Metaspace       used 16861K, capacity 17020K, committed 17152K, reserved 1064960K
  class space    used 2003K, capacity 2044K, committed 2048K, reserved 1048576K
}
Event: 9.056 GC heap before
{Heap before GC invocations=7 (full 0):
 PSYoungGen      total 519680K, used 262672K [0x000000076d000000, 0x000000078d700000, 0x00000007c0000000)
  eden space 514048K, 50% used [0x000000076d000000,0x000000077cb0a778,0x000000078c600000)
  from space 5632K, 99% used [0x000000078cd80000,0x000000078d2f9b70,0x000000078d300000)
  to   space 7680K, 0% used [0x000000078c600000,0x000000078c600000,0x000000078cd80000)
 ParOldGen       total 171008K, used 2002K [0x00000006c7000000, 0x00000006d1700000, 0x000000076d000000)
  object space 171008K, 1% used [0x00000006c7000000,0x00000006c71f48a8,0x00000006d1700000)
 Metaspace       used 20973K, capacity 21240K, committed 21296K, reserved 1069056K
  class space    used 2482K, capacity 2572K, committed 2608K, reserved 1048576K

