# JRE version: OpenJDK Runtime Environment (8.0_171-b11) (build 1.8.0_171-8u171-b11-0ubuntu0.17.10.1-b11)
# Java VM: OpenJDK 64-Bit Server VM (25.171-b11 mixed mode linux-amd64 compressed oops)
Heap:
 PSYoungGen      total 923136K, used 8278K [0x000000076d000000, 0x00000007a7780000, 0x00000007c0000000)
  eden space 910848K, 0% used [0x000000076d000000,0x000000076d000000,0x00000007a4980000)
  from space 12288K, 67% used [0x00000007a4980000,0x00000007a5195a58,0x00000007a5580000)
  to   space 8704K, 0% used [0x00000007a5580000,0x00000007a5580000,0x00000007a5e00000)
 ParOldGen       total 147968K, used 23684K [0x00000006c7000000, 0x00000006d0080000, 0x000000076d000000)
  object space 147968K, 16% used [0x00000006c7000000,0x00000006c8721160,0x00000006d0080000)
 Metaspace       used 39168K, capacity 39636K, committed 39808K, reserved 1083392K
  class space    used 4804K, capacity 4938K, committed 4992K, reserved 1048576K
GC Heap History (10 events):
Event: 13.629 GC heap after
Heap after GC invocations=10 (full 1):
 PSYoungGen      total 522240K, used 5488K [0x000000076d000000, 0x0000000798880000, 0x00000007c0000000)
  eden space 515072K, 0% used [0x000000076d000000,0x000000076d000000,0x000000078c700000)
  from space 7168K, 76% used [0x000000078c700000,0x000000078cc5c218,0x000000078ce00000)
  to   space 7680K, 0% used [0x0000000798100000,0x0000000798100000,0x0000000798880000)
 ParOldGen       total 96768K, used 6842K [0x00000006c7000000, 0x00000006cce80000, 0x000000076d000000)
  object space 96768K, 7% used [0x00000006c7000000,0x00000006c76aebc8,0x00000006cce80000)
 Metaspace       used 24386K, capacity 24774K, committed 24832K, reserved 1071104K
  class space    used 2943K, capacity 3061K, committed 3072K, reserved 1048576K
}
Event: 15.105 GC heap before
{Heap before GC invocations=11 (full 1):
 PSYoungGen      total 522240K, used 520560K [0x000000076d000000, 0x0000000798880000, 0x00000007c0000000)
  eden space 515072K, 100% used [0x000000076d000000,0x000000078c700000,0x000000078c700000)
  from space 7168K, 76% used [0x000000078c700000,0x000000078cc5c218,0x000000078ce00000)
  to   space 7680K, 0% used [0x0000000798100000,0x0000000798100000,0x0000000798880000)
 ParOldGen       total 96768K, used 6842K [0x00000006c7000000, 0x00000006cce80000, 0x000000076d000000)
  object space 96768K, 7% used [0x00000006c7000000,0x00000006c76aebc8,0x00000006cce80000)
 Metaspace       used 25500K, capacity 25910K, committed 25984K, reserved 1073152K
  class space    used 3090K, capacity 3197K, committed 3200K, reserved 1048576K
Event: 15.123 GC heap after
Heap after GC invocations=11 (full 1):
 PSYoungGen      total 703488K, used 5999K [0x000000076d000000, 0x0000000798780000, 0x00000007c0000000)
  eden space 696832K, 0% used [0x000000076d000000,0x000000076d000000,0x0000000797880000)
  from space 6656K, 90% used [0x0000000798100000,0x00000007986dbfc8,0x0000000798780000)
  to   space 7680K, 0% used [0x0000000797880000,0x0000000797880000,0x0000000798000000)
 ParOldGen       total 96768K, used 6850K [0x00000006c7000000, 0x00000006cce80000, 0x000000076d000000)
  object space 96768K, 7% used [0x00000006c7000000,0x00000006c76b0bc8,0x00000006cce80000)
 Metaspace       used 25500K, capacity 25910K, committed 25984K, reserved 1073152K
  class space    used 3090K, capacity 3197K, committed 3200K, reserved 1048576K
}
Event: 52.811 GC heap before
{Heap before GC invocations=12 (full 1):
 PSYoungGen      total 703488K, used 702831K [0x000000076d000000, 0x0000000798780000, 0x00000007c0000000)
  eden space 696832K, 100% used [0x000000076d000000,0x0000000797880000,0x0000000797880000)
  from space 6656K, 90% used [0x0000000798100000,0x00000007986dbfc8,0x0000000798780000)
  to   space 7680K, 0% used [0x0000000797880000,0x0000000797880000,0x0000000798000000)
 ParOldGen       total 96768K, used 6850K [0x00000006c7000000, 0x00000006cce80000, 0x000000076d000000)
  object space 96768K, 7% used [0x00000006c7000000,0x00000006c76b0bc8,0x00000006cce80000)
 Metaspace       used 29081K, capacity 29540K, committed 29824K, reserved 1075200K
  class space    used 3567K, capacity 3690K, committed 3712K, reserved 1048576K
Event: 52.828 GC heap after
Heap after GC invocations=12 (full 1):
 PSYoungGen      total 704512K, used 6811K [0x000000076d000000, 0x00000007a5e00000, 0x00000007c0000000)
  eden space 696832K, 0% used [0x000000076d000000,0x000000076d000000,0x0000000797880000)
  from space 7680K, 88% used [0x0000000797880000,0x0000000797f26c48,0x0000000798000000)
  to   space 8704K, 0% used [0x00000007a5580000,0x00000007a5580000,0x00000007a5e00000)
 ParOldGen       total 96768K, used 10939K [0x00000006c7000000, 0x00000006cce80000, 0x000000076d000000)
  object space 96768K, 11% used [0x00000006c7000000,0x00000006c7aaec18,0x00000006cce80000)
 Metaspace       used 29081K, capacity 29540K, committed 29824K, reserved 1075200K
  class space    used 3567K, capacity 3690K, committed 3712K, reserved 1048576K
}
Event: 54.723 GC heap before
{Heap before GC invocations=13 (full 1):
 PSYoungGen      total 704512K, used 682511K [0x000000076d000000, 0x00000007a5e00000, 0x00000007c0000000)
  eden space 696832K, 96% used [0x000000076d000000,0x00000007963dd070,0x0000000797880000)
  from space 7680K, 88% used [0x0000000797880000,0x0000000797f26c48,0x0000000798000000)
  to   space 8704K, 0% used [0x00000007a5580000,0x00000007a5580000,0x00000007a5e00000)
 ParOldGen       total 96768K, used 10939K [0x00000006c7000000, 0x00000006cce80000, 0x000000076d000000)
  object space 96768K, 11% used [0x00000006c7000000,0x00000006c7aaec18,0x00000006cce80000)
 Metaspace       used 34909K, capacity 35324K, committed 35416K, reserved 1081344K
  class space    used 4214K, capacity 4334K, committed 4352K, reserved 1048576K
Event: 54.751 GC heap after
Heap after GC invocations=13 (full 1):
 PSYoungGen      total 919552K, used 8682K [0x000000076d000000, 0x00000007a7780000, 0x00000007c0000000)
  eden space 910848K, 0% used [0x000000076d000000,0x000000076d000000,0x00000007a4980000)
  from space 8704K, 99% used [0x00000007a5580000,0x00000007a5dfaa38,0x00000007a5e00000)
  to   space 12288K, 0% used [0x00000007a4980000,0x00000007a4980000,0x00000007a5580000)
 ParOldGen       total 96768K, used 17546K [0x00000006c7000000, 0x00000006cce80000, 0x000000076d000000)
  object space 96768K, 18% used [0x00000006c7000000,0x00000006c8122898,0x00000006cce80000)
 Metaspace       used 34909K, capacity 35324K, committed 35416K, reserved 1081344K
  class space    used 4214K, capacity 4334K, committed 4352K, reserved 1048576K
}
Event: 54.751 GC heap before
{Heap before GC invocations=14 (full 2):
 PSYoungGen      total 919552K, used 8682K [0x000000076d000000, 0x00000007a7780000, 0x00000007c0000000)
  eden space 910848K, 0% used [0x000000076d000000,0x000000076d000000,0x00000007a4980000)
  from space 8704K, 99% used [0x00000007a5580000,0x00000007a5dfaa38,0x00000007a5e00000)
  to   space 12288K, 0% used [0x00000007a4980000,0x00000007a4980000,0x00000007a5580000)
 ParOldGen       total 96768K, used 17546K [0x00000006c7000000, 0x00000006cce80000, 0x000000076d000000)
  object space 96768K, 18% used [0x00000006c7000000,0x00000006c8122898,0x00000006cce80000)
 Metaspace       used 34909K, capacity 35324K, committed 35416K, reserved 1081344K
  class space    used 4214K, capacity 4334K, committed 4352K, reserved 1048576K
Event: 54.911 GC heap after
Heap after GC invocations=14 (full 2):
 PSYoungGen      total 919552K, used 0K [0x000000076d000000, 0x00000007a7780000, 0x00000007c0000000)
  eden space 910848K, 0% used [0x000000076d000000,0x000000076d000000,0x00000007a4980000)
  from space 8704K, 0% used [0x00000007a5580000,0x00000007a5580000,0x00000007a5e00000)
  to   space 12288K, 0% used [0x00000007a4980000,0x00000007a4980000,0x00000007a5580000)
 ParOldGen       total 147968K, used 23684K [0x00000006c7000000, 0x00000006d0080000, 0x000000076d000000)
  object space 147968K, 16% used [0x00000006c7000000,0x00000006c8721160,0x00000006d0080000)
 Metaspace       used 34909K, capacity 35324K, committed 35416K, reserved 1081344K
  class space    used 4214K, capacity 4334K, committed 4352K, reserved 1048576K
}
Event: 128.367 GC heap before
{Heap before GC invocations=15 (full 2):
 PSYoungGen      total 919552K, used 910848K [0x000000076d000000, 0x00000007a7780000, 0x00000007c0000000)
  eden space 910848K, 100% used [0x000000076d000000,0x00000007a4980000,0x00000007a4980000)
  from space 8704K, 0% used [0x00000007a5580000,0x00000007a5580000,0x00000007a5e00000)
  to   space 12288K, 0% used [0x00000007a4980000,0x00000007a4980000,0x00000007a5580000)
 ParOldGen       total 147968K, used 23684K [0x00000006c7000000, 0x00000006d0080000, 0x000000076d000000)
  object space 147968K, 16% used [0x00000006c7000000,0x00000006c8721160,0x00000006d0080000)
 Metaspace       used 39168K, capacity 39636K, committed 39808K, reserved 1083392K
  class space    used 4804K, capacity 4938K, committed 4992K, reserved 1048576K

